2025-04-28 14:07:30,201 - werkzeug - INFO - [31m[1mWARNING: This is a development server. Do not use it in a production deployment. Use a production WSGI server instead.[0m
 * Running on all addresses (0.0.0.0)
 * Running on http://127.0.0.1:8000
 * Running on http://192.168.1.75:8000
2025-04-28 14:07:30,201 - werkzeug - INFO - [33mPress CTRL+C to quit[0m
2025-04-28 14:07:30,207 - werkzeug - INFO -  * Restarting with watchdog (fsevents)
2025-04-28 14:07:30,468 - werkzeug - WARNING -  * Debugger is active!
2025-04-28 14:07:30,475 - werkzeug - INFO -  * Debugger PIN: 297-981-535
2025-04-28 14:07:46,400 - werkzeug - INFO - 127.0.0.1 - - [28/Apr/2025 14:07:46] "[33mGET /api/v1/explore/isRKPOpG4zVFmULHJjrsvY8t1Nb2 HTTP/1.1[0m" 404 -
2025-04-28 14:07:54,720 - services.firebase_service - ERROR - Popüler içerikleri getirme hatası: 400 The query requires an index. You can create it here: https://console.firebase.google.com/v1/r/project/lorien-app-tr/firestore/indexes?create_composite=Ck1wcm9qZWN0cy9sb3JpZW4tYXBwLXRyL2RhdGFiYXNlcy8oZGVmYXVsdCkvY29sbGVjdGlvbkdyb3Vwcy9jb250ZW50L2luZGV4ZXMvXxABGhUKEWludGVyYWN0aW9uX2NvdW50EAIaDgoKY3JlYXRlZF9hdBACGgwKCF9fbmFtZV9fEAI .
The query contains range and inequality filters on multiple fields, please refer to the documentation for index selection best practices: https://cloud.google.com/firestore/docs/query-data/multiple-range-fields.
2025-04-28 14:07:54,720 - services.recommendation_service - ERROR - Cold start hatası: 400 The query requires an index. You can create it here: https://console.firebase.google.com/v1/r/project/lorien-app-tr/firestore/indexes?create_composite=Ck1wcm9qZWN0cy9sb3JpZW4tYXBwLXRyL2RhdGFiYXNlcy8oZGVmYXVsdCkvY29sbGVjdGlvbkdyb3Vwcy9jb250ZW50L2luZGV4ZXMvXxABGhUKEWludGVyYWN0aW9uX2NvdW50EAIaDgoKY3JlYXRlZF9hdBACGgwKCF9fbmFtZV9fEAI .
The query contains range and inequality filters on multiple fields, please refer to the documentation for index selection best practices: https://cloud.google.com/firestore/docs/query-data/multiple-range-fields.
2025-04-28 14:07:54,722 - werkzeug - INFO - 127.0.0.1 - - [28/Apr/2025 14:07:54] "GET /api/v1/feed/isRKPOpG4zVFmULHJjrsvY8t1Nb2 HTTP/1.1" 200 -
2025-04-28 14:08:27,298 - werkzeug - INFO -  * Detected change in '/Users/murathankarasu/PycharmProjects/Recommendation-Service/src/tests/test_firebase.py', reloading
2025-04-28 14:08:27,299 - werkzeug - INFO -  * Detected change in '/Users/murathankarasu/PycharmProjects/Recommendation-Service/src/tests/test_firebase.py', reloading
2025-04-28 14:08:29,882 - werkzeug - INFO -  * Restarting with watchdog (fsevents)
2025-04-28 14:08:30,326 - werkzeug - WARNING -  * Debugger is active!
2025-04-28 14:08:30,333 - werkzeug - INFO -  * Debugger PIN: 297-981-535
2025-04-28 14:08:44,145 - werkzeug - INFO -  * Detected change in '/Users/murathankarasu/PycharmProjects/Recommendation-Service/src/services/recommendation_service.py', reloading
2025-04-28 14:08:44,470 - werkzeug - INFO -  * Restarting with watchdog (fsevents)
2025-04-28 14:08:44,784 - werkzeug - WARNING -  * Debugger is active!
2025-04-28 14:08:44,790 - werkzeug - INFO -  * Debugger PIN: 297-981-535
2025-04-28 14:10:17,646 - werkzeug - INFO -  * Detected change in '/Users/murathankarasu/PycharmProjects/Recommendation-Service/src/services/firebase_service.py', reloading
2025-04-28 14:10:18,523 - werkzeug - INFO -  * Restarting with watchdog (fsevents)
2025-04-28 14:10:18,970 - werkzeug - WARNING -  * Debugger is active!
2025-04-28 14:10:18,977 - werkzeug - INFO -  * Debugger PIN: 297-981-535
2025-04-28 14:10:40,904 - werkzeug - INFO - [31m[1mWARNING: This is a development server. Do not use it in a production deployment. Use a production WSGI server instead.[0m
 * Running on all addresses (0.0.0.0)
 * Running on http://127.0.0.1:8001
 * Running on http://192.168.1.75:8001
2025-04-28 14:10:40,904 - werkzeug - INFO - [33mPress CTRL+C to quit[0m
2025-04-28 14:10:40,908 - werkzeug - INFO -  * Restarting with watchdog (fsevents)
2025-04-28 14:10:41,156 - werkzeug - WARNING -  * Debugger is active!
2025-04-28 14:10:41,163 - werkzeug - INFO -  * Debugger PIN: 297-981-535
2025-04-28 14:10:43,441 - werkzeug - INFO -  * Detected change in '/Users/murathankarasu/PycharmProjects/Recommendation-Service/src/app.py', reloading
2025-04-28 14:10:44,255 - werkzeug - INFO -  * Restarting with watchdog (fsevents)
2025-04-28 14:10:44,503 - werkzeug - WARNING -  * Debugger is active!
2025-04-28 14:10:44,510 - werkzeug - INFO -  * Debugger PIN: 297-981-535
2025-04-28 14:12:37,268 - werkzeug - INFO - [31m[1mWARNING: This is a development server. Do not use it in a production deployment. Use a production WSGI server instead.[0m
 * Running on all addresses (0.0.0.0)
 * Running on http://127.0.0.1:8000
 * Running on http://192.168.1.75:8000
2025-04-28 14:12:37,268 - werkzeug - INFO - [33mPress CTRL+C to quit[0m
2025-04-28 14:12:37,274 - werkzeug - INFO -  * Restarting with watchdog (fsevents)
2025-04-28 14:12:37,603 - werkzeug - WARNING -  * Debugger is active!
2025-04-28 14:12:37,611 - werkzeug - INFO -  * Debugger PIN: 297-981-535
2025-04-28 14:13:23,574 - werkzeug - INFO -  * Detected change in '/Users/murathankarasu/PycharmProjects/Recommendation-Service/src/services/recommendation_service.py', reloading
2025-04-28 14:13:23,974 - werkzeug - INFO -  * Restarting with watchdog (fsevents)
2025-04-28 14:13:24,423 - werkzeug - WARNING -  * Debugger is active!
2025-04-28 14:13:24,429 - werkzeug - INFO -  * Debugger PIN: 297-981-535
2025-04-28 14:14:23,540 - werkzeug - INFO - [31m[1mWARNING: This is a development server. Do not use it in a production deployment. Use a production WSGI server instead.[0m
 * Running on all addresses (0.0.0.0)
 * Running on http://127.0.0.1:8000
 * Running on http://192.168.1.75:8000
2025-04-28 14:14:23,540 - werkzeug - INFO - [33mPress CTRL+C to quit[0m
2025-04-28 14:14:23,546 - werkzeug - INFO -  * Restarting with watchdog (fsevents)
2025-04-28 14:14:23,795 - werkzeug - WARNING -  * Debugger is active!
2025-04-28 14:14:23,801 - werkzeug - INFO -  * Debugger PIN: 297-981-535
2025-04-28 14:14:39,543 - werkzeug - INFO - 127.0.0.1 - - [28/Apr/2025 14:14:39] "GET /api/v1/feed/isRKPOpG4zVFmULHJjrsvY8t1Nb2 HTTP/1.1" 200 -
2025-04-28 14:15:06,466 - werkzeug - INFO - 127.0.0.1 - - [28/Apr/2025 14:15:06] "GET /api/v1/feed/isRKPOpG4zVFmULHJjrsvY8t1Nb2 HTTP/1.1" 200 -
2025-04-28 14:15:59,248 - werkzeug - INFO -  * Detected change in '/Users/murathankarasu/PycharmProjects/Recommendation-Service/src/services/recommendation_service.py', reloading
2025-04-28 14:16:01,468 - werkzeug - INFO -  * Restarting with watchdog (fsevents)
2025-04-28 14:16:01,928 - werkzeug - WARNING -  * Debugger is active!
2025-04-28 14:16:01,935 - werkzeug - INFO -  * Debugger PIN: 297-981-535
2025-04-28 14:16:07,484 - werkzeug - INFO -  * Detected change in '/Users/murathankarasu/PycharmProjects/Recommendation-Service/src/services/recommendation_service.py', reloading
2025-04-28 14:16:08,042 - werkzeug - INFO -  * Restarting with watchdog (fsevents)
2025-04-28 14:16:08,417 - werkzeug - WARNING -  * Debugger is active!
2025-04-28 14:16:08,422 - werkzeug - INFO -  * Debugger PIN: 297-981-535
2025-04-28 14:16:17,838 - werkzeug - INFO - 127.0.0.1 - - [28/Apr/2025 14:16:17] "GET /api/v1/feed/isRKPOpG4zVFmULHJjrsvY8t1Nb2 HTTP/1.1" 200 -
2025-04-28 14:16:27,628 - werkzeug - INFO -  * Detected change in '/Users/murathankarasu/PycharmProjects/Recommendation-Service/src/api/routes.py', reloading
2025-04-28 14:16:30,612 - werkzeug - INFO -  * Restarting with watchdog (fsevents)
2025-04-28 14:16:30,988 - werkzeug - WARNING -  * Debugger is active!
2025-04-28 14:16:30,993 - werkzeug - INFO -  * Debugger PIN: 297-981-535
2025-04-28 14:16:44,331 - services.firebase_service - ERROR - Etkileşim kaydetme hatası: Pass an integer / float value.
2025-04-28 14:16:44,332 - services.recommendation_service - ERROR - Pattern güncelleme hatası: Pass an integer / float value.
2025-04-28 14:16:44,332 - services.recommendation_service - ERROR - Feed oluşturma hatası: Pass an integer / float value.
2025-04-28 14:16:44,620 - werkzeug - INFO - 127.0.0.1 - - [28/Apr/2025 14:16:44] "GET /api/v1/feed/isRKPOpG4zVFmULHJjrsvY8t1Nb2 HTTP/1.1" 200 -
2025-04-28 14:23:04,756 - werkzeug - INFO -  * Detected change in '/Users/murathankarasu/PycharmProjects/Recommendation-Service/src/utils/generate_posts.py', reloading
2025-04-28 14:23:04,759 - werkzeug - INFO -  * Detected change in '/Users/murathankarasu/PycharmProjects/Recommendation-Service/src/utils/generate_posts.py', reloading
2025-04-28 14:23:07,476 - werkzeug - INFO -  * Restarting with watchdog (fsevents)
2025-04-28 14:23:08,051 - werkzeug - WARNING -  * Debugger is active!
2025-04-28 14:23:08,057 - werkzeug - INFO -  * Debugger PIN: 297-981-535
2025-04-28 14:23:59,768 - werkzeug - INFO -  * Detected change in '/Users/murathankarasu/PycharmProjects/Recommendation-Service/src/utils/generate_posts.py', reloading
2025-04-28 14:24:00,413 - werkzeug - INFO -  * Restarting with watchdog (fsevents)
2025-04-28 14:24:00,857 - werkzeug - WARNING -  * Debugger is active!
2025-04-28 14:24:00,864 - werkzeug - INFO -  * Debugger PIN: 297-981-535
2025-04-28 14:24:35,795 - werkzeug - INFO -  * Detected change in '/Users/murathankarasu/PycharmProjects/Recommendation-Service/src/utils/generate_posts.py', reloading
2025-04-28 14:24:36,128 - werkzeug - INFO -  * Restarting with watchdog (fsevents)
2025-04-28 14:24:36,568 - werkzeug - WARNING -  * Debugger is active!
2025-04-28 14:24:36,574 - werkzeug - INFO -  * Debugger PIN: 297-981-535
2025-04-28 14:24:42,645 - werkzeug - INFO -  * Detected change in '/Users/murathankarasu/PycharmProjects/Recommendation-Service/src/utils/generate_posts.py', reloading
2025-04-28 14:24:43,666 - werkzeug - INFO -  * Restarting with watchdog (fsevents)
2025-04-28 14:24:44,026 - werkzeug - WARNING -  * Debugger is active!
2025-04-28 14:24:44,032 - werkzeug - INFO -  * Debugger PIN: 297-981-535
2025-04-28 14:25:04,623 - werkzeug - INFO -  * Detected change in '/Users/murathankarasu/PycharmProjects/Recommendation-Service/src/utils/generate_posts.py', reloading
2025-04-28 14:25:05,212 - werkzeug - INFO -  * Restarting with watchdog (fsevents)
2025-04-28 14:25:05,558 - werkzeug - WARNING -  * Debugger is active!
2025-04-28 14:25:05,565 - werkzeug - INFO -  * Debugger PIN: 297-981-535
2025-04-28 14:25:06,025 - werkzeug - INFO -  * Detected change in '/Users/murathankarasu/PycharmProjects/Recommendation-Service/src/utils/generate_posts.py', reloading
2025-04-28 14:25:06,633 - werkzeug - INFO -  * Restarting with watchdog (fsevents)
2025-04-28 14:25:06,879 - werkzeug - WARNING -  * Debugger is active!
2025-04-28 14:25:06,885 - werkzeug - INFO -  * Debugger PIN: 297-981-535
2025-04-28 14:25:17,125 - werkzeug - INFO -  * Detected change in '/Users/murathankarasu/PycharmProjects/Recommendation-Service/src/utils/generate_posts.py', reloading
2025-04-28 14:25:18,048 - werkzeug - INFO -  * Restarting with watchdog (fsevents)
2025-04-28 14:25:18,457 - werkzeug - WARNING -  * Debugger is active!
2025-04-28 14:25:18,462 - werkzeug - INFO -  * Debugger PIN: 297-981-535
2025-04-28 14:28:22,496 - werkzeug - INFO -  * Detected change in '/Users/murathankarasu/PycharmProjects/Recommendation-Service/src/utils/generate_posts.py', reloading
2025-04-28 14:28:22,714 - werkzeug - INFO -  * Restarting with watchdog (fsevents)
2025-04-28 14:28:23,191 - werkzeug - WARNING -  * Debugger is active!
2025-04-28 14:28:23,198 - werkzeug - INFO -  * Debugger PIN: 297-981-535
2025-04-28 14:28:59,646 - werkzeug - INFO -  * Detected change in '/Users/murathankarasu/PycharmProjects/Recommendation-Service/src/utils/delete_posts.py', reloading
2025-04-28 14:28:59,646 - werkzeug - INFO -  * Detected change in '/Users/murathankarasu/PycharmProjects/Recommendation-Service/src/utils/delete_posts.py', reloading
2025-04-28 14:29:00,493 - werkzeug - INFO -  * Restarting with watchdog (fsevents)
2025-04-28 14:29:00,882 - werkzeug - WARNING -  * Debugger is active!
2025-04-28 14:29:00,888 - werkzeug - INFO -  * Debugger PIN: 297-981-535
2025-04-28 14:29:00,926 - werkzeug - INFO -  * Detected change in '/Users/murathankarasu/PycharmProjects/Recommendation-Service/src/utils/delete_posts.py', reloading
2025-04-28 14:29:00,926 - werkzeug - INFO -  * Detected change in '/Users/murathankarasu/PycharmProjects/Recommendation-Service/src/utils/delete_posts.py', reloading
2025-04-28 14:29:01,959 - werkzeug - INFO -  * Restarting with watchdog (fsevents)
2025-04-28 14:29:02,222 - werkzeug - WARNING -  * Debugger is active!
2025-04-28 14:29:02,227 - werkzeug - INFO -  * Debugger PIN: 297-981-535
2025-04-28 14:29:38,014 - werkzeug - INFO -  * Detected change in '/Users/murathankarasu/PycharmProjects/Recommendation-Service/src/utils/delete_posts.py', reloading
2025-04-28 14:29:38,503 - werkzeug - INFO -  * Restarting with watchdog (fsevents)
2025-04-28 14:29:38,952 - werkzeug - WARNING -  * Debugger is active!
2025-04-28 14:29:38,959 - werkzeug - INFO -  * Debugger PIN: 297-981-535
2025-04-28 14:29:39,032 - werkzeug - INFO -  * Detected change in '/Users/murathankarasu/PycharmProjects/Recommendation-Service/src/utils/delete_posts.py', reloading
2025-04-28 14:29:40,036 - werkzeug - INFO -  * Restarting with watchdog (fsevents)
2025-04-28 14:29:40,280 - werkzeug - WARNING -  * Debugger is active!
2025-04-28 14:29:40,285 - werkzeug - INFO -  * Debugger PIN: 297-981-535
2025-04-28 14:29:54,732 - werkzeug - INFO -  * Detected change in '/Users/murathankarasu/PycharmProjects/Recommendation-Service/src/services/firebase_service.py', reloading
2025-04-28 14:29:55,444 - werkzeug - INFO -  * Restarting with watchdog (fsevents)
2025-04-28 14:29:55,825 - werkzeug - WARNING -  * Debugger is active!
2025-04-28 14:29:55,830 - werkzeug - INFO -  * Debugger PIN: 297-981-535
2025-04-28 14:29:56,348 - werkzeug - INFO -  * Detected change in '/Users/murathankarasu/PycharmProjects/Recommendation-Service/src/services/firebase_service.py', reloading
2025-04-28 14:29:56,892 - werkzeug - INFO -  * Restarting with watchdog (fsevents)
2025-04-28 14:29:57,138 - werkzeug - WARNING -  * Debugger is active!
2025-04-28 14:29:57,144 - werkzeug - INFO -  * Debugger PIN: 297-981-535
2025-04-28 14:31:20,228 - werkzeug - INFO -  * Detected change in '/Users/murathankarasu/PycharmProjects/Recommendation-Service/src/utils/generate_posts.py', reloading
2025-04-28 14:31:20,702 - werkzeug - INFO -  * Restarting with watchdog (fsevents)
2025-04-28 14:31:21,143 - werkzeug - WARNING -  * Debugger is active!
2025-04-28 14:31:21,149 - werkzeug - INFO -  * Debugger PIN: 297-981-535
2025-04-28 14:31:49,612 - werkzeug - INFO -  * Detected change in '/Users/murathankarasu/PycharmProjects/Recommendation-Service/src/utils/generate_posts.py', reloading
2025-04-28 14:31:50,384 - werkzeug - INFO -  * Restarting with watchdog (fsevents)
2025-04-28 14:31:50,753 - werkzeug - WARNING -  * Debugger is active!
2025-04-28 14:31:50,759 - werkzeug - INFO -  * Debugger PIN: 297-981-535
2025-04-28 14:31:51,148 - werkzeug - INFO -  * Detected change in '/Users/murathankarasu/PycharmProjects/Recommendation-Service/src/utils/generate_posts.py', reloading
2025-04-28 14:31:51,815 - werkzeug - INFO -  * Restarting with watchdog (fsevents)
2025-04-28 14:31:52,091 - werkzeug - WARNING -  * Debugger is active!
2025-04-28 14:31:52,101 - werkzeug - INFO -  * Debugger PIN: 297-981-535
2025-04-28 14:34:55,472 - werkzeug - INFO -  * Detected change in '/Users/murathankarasu/PycharmProjects/Recommendation-Service/src/app.py', reloading
2025-04-28 14:34:56,252 - werkzeug - INFO -  * Restarting with watchdog (fsevents)
2025-04-28 14:34:56,711 - werkzeug - WARNING -  * Debugger is active!
2025-04-28 14:34:56,716 - werkzeug - INFO -  * Debugger PIN: 297-981-535
2025-04-28 14:35:22,446 - services.firebase_service - ERROR - Etkileşim kaydetme hatası: Pass an integer / float value.
2025-04-28 14:35:22,446 - services.recommendation_service - ERROR - Pattern güncelleme hatası: Pass an integer / float value.
2025-04-28 14:35:22,446 - services.recommendation_service - ERROR - Feed oluşturma hatası: Pass an integer / float value.
2025-04-28 14:35:22,739 - werkzeug - INFO - 127.0.0.1 - - [28/Apr/2025 14:35:22] "GET /api/v1/feed/isRKPOpG4zVFmULHJjrsvY8t1Nb2 HTTP/1.1" 200 -
2025-04-28 14:41:56,935 - werkzeug - INFO -  * Detected change in '/Users/murathankarasu/PycharmProjects/Recommendation-Service/src/app.py', reloading
2025-04-28 14:41:59,508 - werkzeug - INFO -  * Restarting with watchdog (fsevents)
